<?xml version="1.0" encoding="UTF-8"?>
<testsuite name="FunctionalTest" tests="5" skipped="0" failures="0" errors="0" timestamp="2022-03-17T18:15:44" hostname="User-PC" time="0.154">
  <properties/>
  <testcase name="testTotalAmount" classname="FunctionalTest" time="0.132"/>
  <testcase name="testEmptyBank" classname="FunctionalTest" time="0.001"/>
  <testcase name="testWithdraw" classname="FunctionalTest" time="0.005"/>
  <testcase name="testDeposit" classname="FunctionalTest" time="0.0"/>
  <testcase name="testTransfer" classname="FunctionalTest" time="0.015"/>
  <system-out><![CDATA[]]></system-out>
  <system-err><![CDATA[]]></system-err>
</testsuite>
